2015-02-01 14:35:02 Error: Fatal Error (4): syntax error, unexpected '?>', expecting ']' in [/vagrant/cake-tutorial/View/Posts/index.ctp, line 28]
2015-02-01 14:35:02 Error: [FatalErrorException] syntax error, unexpected '?>', expecting ']'
Request URL: /cakephp-tutorial/posts/
Stack Trace:
#0 /vagrant/cake-tutorial/Vendor/cakephp/cakephp/lib/Cake/Error/ErrorHandler.php(203): ErrorHandler::handleFatalError(4, 'syntax error, u...', '/vagrant/cake-t...', 28)
#1 [internal function]: ErrorHandler::handleError(4, 'syntax error, u...', '/vagrant/cake-t...', 28, Array)
#2 /vagrant/cake-tutorial/Vendor/cakephp/cakephp/lib/Cake/Core/App.php(931): call_user_func('ErrorHandler::h...', 4, 'syntax error, u...', '/vagrant/cake-t...', 28, Array)
#3 /vagrant/cake-tutorial/Vendor/cakephp/cakephp/lib/Cake/Core/App.php(904): App::_checkFatalError()
#4 [internal function]: App::shutdown()
#5 {main}
2015-02-01 15:14:09 Error: [MethodNotAllowedException] Method Not Allowed
Request URL: /cakephp-tutorial/posts/delete/4
Stack Trace:
#0 [internal function]: PostsController->delete('4')
#1 /vagrant/cake-tutorial/Vendor/cakephp/cakephp/lib/Cake/Controller/Controller.php(490): ReflectionMethod->invokeArgs(Object(PostsController), Array)
#2 /vagrant/cake-tutorial/Vendor/cakephp/cakephp/lib/Cake/Routing/Dispatcher.php(193): Controller->invokeAction(Object(CakeRequest))
#3 /vagrant/cake-tutorial/Vendor/cakephp/cakephp/lib/Cake/Routing/Dispatcher.php(167): Dispatcher->_invoke(Object(PostsController), Object(CakeRequest))
#4 /vagrant/cake-tutorial/webroot/index.php(99): Dispatcher->dispatch(Object(CakeRequest), Object(CakeResponse))
#5 {main}
2015-02-01 15:14:14 Error: [MethodNotAllowedException] Method Not Allowed
Request URL: /cakephp-tutorial/posts/delete/3
Stack Trace:
#0 [internal function]: PostsController->delete('3')
#1 /vagrant/cake-tutorial/Vendor/cakephp/cakephp/lib/Cake/Controller/Controller.php(490): ReflectionMethod->invokeArgs(Object(PostsController), Array)
#2 /vagrant/cake-tutorial/Vendor/cakephp/cakephp/lib/Cake/Routing/Dispatcher.php(193): Controller->invokeAction(Object(CakeRequest))
#3 /vagrant/cake-tutorial/Vendor/cakephp/cakephp/lib/Cake/Routing/Dispatcher.php(167): Dispatcher->_invoke(Object(PostsController), Object(CakeRequest))
#4 /vagrant/cake-tutorial/webroot/index.php(99): Dispatcher->dispatch(Object(CakeRequest), Object(CakeResponse))
#5 {main}
